<?xml version="1.0" encoding="UTF-8"?>
<!-- Generated by org.testng.reporters.JUnitXMLReporter -->
<testsuite ignored="0" hostname="Raza" failures="0" tests="34" name="Test_APIEndpoints " time="0.347" errors="0" timestamp="2022-06-02T21:14:57 PKT">
  <testcase classname="com.test.api.TestCategories" name="@BeforeTest init" time="0.215">
    <failure type="java.lang.ExceptionInInitializerError">
      <![CDATA[java.lang.ExceptionInInitializerError
at com.test.api.TestCategories.init(TestCategories.java:22)
Caused by: groovy.lang.MissingMethodException: No signature of method: static org.apache.http.conn.ssl.X509HostnameVerifier.getSimpleName() is applicable for argument types: () values: []
at groovy.lang.MetaClassImpl.invokeStaticMissingMethod(MetaClassImpl.java:1500)
at groovy.lang.MetaClassImpl.invokeStaticMethod(MetaClassImpl.java:1486)
at org.codehaus.groovy.runtime.callsite.StaticMetaClassSite.call(StaticMetaClassSite.java:53)
at org.codehaus.groovy.runtime.callsite.CallSiteArray.defaultCall(CallSiteArray.java:48)
at org.codehaus.groovy.runtime.callsite.AbstractCallSite.call(AbstractCallSite.java:113)
at org.codehaus.groovy.runtime.callsite.AbstractCallSite.call(AbstractCallSite.java:117)
at io.restassured.internal.assertion.AssertParameter.notNull(AssertParameter.groovy:21)
at io.restassured.config.SSLConfig.<init>(SSLConfig.java:192)
at io.restassured.config.SSLConfig.<init>(SSLConfig.java:184)
at io.restassured.config.RestAssuredConfig.<init>(RestAssuredConfig.java:41)
at io.restassured.RestAssured.<clinit>(RestAssured.java:420)
... 25 more
... Removed 24 stack frames]]>
    </failure>
  </testcase> <!-- @BeforeTest init -->
  <testcase classname="com.test.api.TestProducts" name="@BeforeTest init" time="-1.654186497556E9">
    <skipped/>
  </testcase> <!-- @BeforeTest init -->
  <testcase classname="com.test.api.TestServices" name="@BeforeTest init" time="-1.654186497558E9">
    <skipped/>
  </testcase> <!-- @BeforeTest init -->
  <testcase classname="com.test.api.TestStores" name="@BeforeTest init" time="-1.654186497559E9">
    <skipped/>
  </testcase> <!-- @BeforeTest init -->
  <testcase classname="com.test.api.TestUtilities" name="@BeforeTest init" time="-1.65418649756E9">
    <skipped/>
  </testcase> <!-- @BeforeTest init -->
  <testcase classname="com.test.api.TestProducts" name="addProduct" time="0.0">
    <skipped/>
  </testcase> <!-- addProduct -->
  <testcase classname="com.test.api.TestProducts" name="getProductsWithLimit" time="0.0">
    <skipped/>
  </testcase> <!-- getProductsWithLimit -->
  <testcase classname="com.test.api.TestProducts" name="getProductsWithSkip" time="0.0">
    <skipped/>
  </testcase> <!-- getProductsWithSkip -->
  <testcase classname="com.test.api.TestProducts" name="invalidPostProdBody" time="0.0">
    <skipped/>
  </testcase> <!-- invalidPostProdBody -->
  <testcase classname="com.test.api.TestProducts" name="invalidProductID" time="0.0">
    <skipped/>
  </testcase> <!-- invalidProductID -->
  <testcase classname="com.test.api.TestProducts" name="getAllProducts" time="0.0">
    <skipped/>
  </testcase> <!-- getAllProducts -->
  <testcase classname="com.test.api.TestProducts" name="getByProductID" time="0.0">
    <skipped/>
  </testcase> <!-- getByProductID -->
  <testcase classname="com.test.api.TestProducts" name="updateProductbyID" time="0.0">
    <skipped/>
  </testcase> <!-- updateProductbyID -->
  <testcase classname="com.test.api.TestProducts" name="deleteProductbyID" time="0.0">
    <skipped/>
  </testcase> <!-- deleteProductbyID -->
  <testcase classname="com.test.api.TestProducts" name="getByDeletedProductID" time="0.0">
    <skipped/>
  </testcase> <!-- getByDeletedProductID -->
  <testcase classname="com.test.api.TestCategories" name="addCategory" time="0.0">
    <skipped/>
  </testcase> <!-- addCategory -->
  <testcase classname="com.test.api.TestCategories" name="getAllCategories" time="0.0">
    <skipped/>
  </testcase> <!-- getAllCategories -->
  <testcase classname="com.test.api.TestCategories" name="invalidCategoryID" time="0.0">
    <skipped/>
  </testcase> <!-- invalidCategoryID -->
  <testcase classname="com.test.api.TestCategories" name="invalidCategoryIDDelete" time="0.0">
    <skipped/>
  </testcase> <!-- invalidCategoryIDDelete -->
  <testcase classname="com.test.api.TestCategories" name="missingCategoryNamePost" time="0.0">
    <skipped/>
  </testcase> <!-- missingCategoryNamePost -->
  <testcase classname="com.test.api.TestCategories" name="getByCategoryID" time="0.0">
    <skipped/>
  </testcase> <!-- getByCategoryID -->
  <testcase classname="com.test.api.TestCategories" name="updateCategoryID" time="0.0">
    <skipped/>
  </testcase> <!-- updateCategoryID -->
  <testcase classname="com.test.api.TestCategories" name="deleteCategorybyID" time="0.0">
    <skipped/>
  </testcase> <!-- deleteCategorybyID -->
  <testcase classname="com.test.api.TestCategories" name="getByDeletedCategoryID" time="0.0">
    <skipped/>
  </testcase> <!-- getByDeletedCategoryID -->
  <testcase classname="com.test.api.TestStores" name="addStoreData" time="0.0">
    <skipped/>
  </testcase> <!-- addStoreData -->
  <testcase classname="com.test.api.TestStores" name="getAllStores" time="0.0">
    <skipped/>
  </testcase> <!-- getAllStores -->
  <testcase classname="com.test.api.TestStores" name="invalidStoreID" time="0.0">
    <skipped/>
  </testcase> <!-- invalidStoreID -->
  <testcase classname="com.test.api.TestStores" name="getByStoreID" time="0.0">
    <skipped/>
  </testcase> <!-- getByStoreID -->
  <testcase classname="com.test.api.TestStores" name="updateStorebyID" time="0.0">
    <skipped/>
  </testcase> <!-- updateStorebyID -->
  <testcase classname="com.test.api.TestStores" name="deleteStoreData" time="0.0">
    <skipped/>
  </testcase> <!-- deleteStoreData -->
  <testcase classname="com.test.api.TestStores" name="getByDeletedStoreID" time="0.0">
    <skipped/>
  </testcase> <!-- getByDeletedStoreID -->
  <testcase classname="com.test.api.TestServices" name="addServiceData" time="0.0">
    <skipped/>
  </testcase> <!-- addServiceData -->
  <testcase classname="com.test.api.TestServices" name="getAllServiceData" time="0.0">
    <skipped/>
  </testcase> <!-- getAllServiceData -->
  <testcase classname="com.test.api.TestServices" name="getByServiceID" time="0.0">
    <skipped/>
  </testcase> <!-- getByServiceID -->
  <testcase classname="com.test.api.TestServices" name="updateServicebyID" time="0.0">
    <skipped/>
  </testcase> <!-- updateServicebyID -->
  <testcase classname="com.test.api.TestServices" name="deleteServicebyID" time="0.0">
    <skipped/>
  </testcase> <!-- deleteServicebyID -->
  <testcase classname="com.test.api.TestServices" name="getByDeletedServiceID" time="0.0">
    <skipped/>
  </testcase> <!-- getByDeletedServiceID -->
  <testcase classname="com.test.api.TestUtilities" name="getAPIVersion" time="0.0">
    <skipped/>
  </testcase> <!-- getAPIVersion -->
  <testcase classname="com.test.api.TestUtilities" name="getSystemHealthCheckInfo" time="0.0">
    <skipped/>
  </testcase> <!-- getSystemHealthCheckInfo -->
</testsuite> <!-- Test_APIEndpoints  -->
