<?xml version="1.0" encoding="UTF-8"?>
<!-- Generated by org.testng.reporters.JUnitXMLReporter -->
<testsuite ignored="0" hostname="Raza" failures="0" tests="34" name="Test_APIEndpoints " time="0.121" errors="0" timestamp="2022-06-03T18:56:35 PKT">
  <testcase classname="com.test.api.TestCategories" name="@BeforeTest init" time="0.076">
    <failure type="java.lang.NoClassDefFoundError" message="Could not initialize class org.codehaus.groovy.reflection.ReflectionCache">
      <![CDATA[java.lang.NoClassDefFoundError: Could not initialize class org.codehaus.groovy.reflection.ReflectionCache
at org.codehaus.groovy.runtime.dgmimpl.NumberNumberMetaMethod.<clinit>(NumberNumberMetaMethod.java:33)
at java.base/java.lang.Class.newInstance(Class.java:645)
at org.codehaus.groovy.runtime.metaclass.MetaClassRegistryImpl.createMetaMethodFromClass(MetaClassRegistryImpl.java:257)
at org.codehaus.groovy.runtime.metaclass.MetaClassRegistryImpl.<init>(MetaClassRegistryImpl.java:110)
at org.codehaus.groovy.runtime.metaclass.MetaClassRegistryImpl.<init>(MetaClassRegistryImpl.java:85)
at groovy.lang.GroovySystem.<clinit>(GroovySystem.java:36)
at org.codehaus.groovy.runtime.InvokerHelper.<clinit>(InvokerHelper.java:86)
at org.codehaus.groovy.runtime.ScriptBytecodeAdapter.createMap(ScriptBytecodeAdapter.java:635)
at io.restassured.internal.ResponseParserRegistrar.<init>(ResponseParserRegistrar.groovy)
at io.restassured.RestAssured.<clinit>(RestAssured.java:346)
at com.test.api.TestCategories.init(TestCategories.java:22)
... Removed 33 stack frames]]>
    </failure>
  </testcase> <!-- @BeforeTest init -->
  <testcase classname="com.test.api.TestProducts" name="@BeforeTest init" time="-1.654264595109E9">
    <skipped/>
  </testcase> <!-- @BeforeTest init -->
  <testcase classname="com.test.api.TestServices" name="@BeforeTest init" time="-1.654264595109E9">
    <skipped/>
  </testcase> <!-- @BeforeTest init -->
  <testcase classname="com.test.api.TestStores" name="@BeforeTest init" time="-1.654264595109E9">
    <skipped/>
  </testcase> <!-- @BeforeTest init -->
  <testcase classname="com.test.api.TestUtilities" name="@BeforeTest init" time="-1.654264595109E9">
    <skipped/>
  </testcase> <!-- @BeforeTest init -->
  <testcase classname="com.test.api.TestProducts" name="addProduct" time="0.0">
    <skipped/>
  </testcase> <!-- addProduct -->
  <testcase classname="com.test.api.TestProducts" name="getProductsWithLimit" time="0.0">
    <skipped/>
  </testcase> <!-- getProductsWithLimit -->
  <testcase classname="com.test.api.TestProducts" name="getProductsWithSkip" time="0.0">
    <skipped/>
  </testcase> <!-- getProductsWithSkip -->
  <testcase classname="com.test.api.TestProducts" name="invalidPostProdBody" time="0.0">
    <skipped/>
  </testcase> <!-- invalidPostProdBody -->
  <testcase classname="com.test.api.TestProducts" name="invalidProductID" time="0.0">
    <skipped/>
  </testcase> <!-- invalidProductID -->
  <testcase classname="com.test.api.TestProducts" name="getAllProducts" time="0.0">
    <skipped/>
  </testcase> <!-- getAllProducts -->
  <testcase classname="com.test.api.TestProducts" name="getByProductID" time="0.0">
    <skipped/>
  </testcase> <!-- getByProductID -->
  <testcase classname="com.test.api.TestProducts" name="updateProductbyID" time="0.0">
    <skipped/>
  </testcase> <!-- updateProductbyID -->
  <testcase classname="com.test.api.TestProducts" name="deleteProductbyID" time="0.0">
    <skipped/>
  </testcase> <!-- deleteProductbyID -->
  <testcase classname="com.test.api.TestProducts" name="getByDeletedProductID" time="0.0">
    <skipped/>
  </testcase> <!-- getByDeletedProductID -->
  <testcase classname="com.test.api.TestCategories" name="addCategory" time="0.0">
    <skipped/>
  </testcase> <!-- addCategory -->
  <testcase classname="com.test.api.TestCategories" name="getAllCategories" time="0.0">
    <skipped/>
  </testcase> <!-- getAllCategories -->
  <testcase classname="com.test.api.TestCategories" name="invalidCategoryID" time="0.0">
    <skipped/>
  </testcase> <!-- invalidCategoryID -->
  <testcase classname="com.test.api.TestCategories" name="invalidCategoryIDDelete" time="0.0">
    <skipped/>
  </testcase> <!-- invalidCategoryIDDelete -->
  <testcase classname="com.test.api.TestCategories" name="missingCategoryNamePost" time="0.0">
    <skipped/>
  </testcase> <!-- missingCategoryNamePost -->
  <testcase classname="com.test.api.TestCategories" name="getByCategoryID" time="0.0">
    <skipped/>
  </testcase> <!-- getByCategoryID -->
  <testcase classname="com.test.api.TestCategories" name="updateCategoryID" time="0.0">
    <skipped/>
  </testcase> <!-- updateCategoryID -->
  <testcase classname="com.test.api.TestCategories" name="deleteCategorybyID" time="0.0">
    <skipped/>
  </testcase> <!-- deleteCategorybyID -->
  <testcase classname="com.test.api.TestCategories" name="getByDeletedCategoryID" time="0.0">
    <skipped/>
  </testcase> <!-- getByDeletedCategoryID -->
  <testcase classname="com.test.api.TestStores" name="addStoreData" time="0.0">
    <skipped/>
  </testcase> <!-- addStoreData -->
  <testcase classname="com.test.api.TestStores" name="getAllStores" time="0.0">
    <skipped/>
  </testcase> <!-- getAllStores -->
  <testcase classname="com.test.api.TestStores" name="invalidStoreID" time="0.0">
    <skipped/>
  </testcase> <!-- invalidStoreID -->
  <testcase classname="com.test.api.TestStores" name="getByStoreID" time="0.0">
    <skipped/>
  </testcase> <!-- getByStoreID -->
  <testcase classname="com.test.api.TestStores" name="updateStorebyID" time="0.0">
    <skipped/>
  </testcase> <!-- updateStorebyID -->
  <testcase classname="com.test.api.TestStores" name="deleteStoreData" time="0.0">
    <skipped/>
  </testcase> <!-- deleteStoreData -->
  <testcase classname="com.test.api.TestStores" name="getByDeletedStoreID" time="0.0">
    <skipped/>
  </testcase> <!-- getByDeletedStoreID -->
  <testcase classname="com.test.api.TestServices" name="addServiceData" time="0.0">
    <skipped/>
  </testcase> <!-- addServiceData -->
  <testcase classname="com.test.api.TestServices" name="getAllServiceData" time="0.0">
    <skipped/>
  </testcase> <!-- getAllServiceData -->
  <testcase classname="com.test.api.TestServices" name="getByServiceID" time="0.0">
    <skipped/>
  </testcase> <!-- getByServiceID -->
  <testcase classname="com.test.api.TestServices" name="updateServicebyID" time="0.0">
    <skipped/>
  </testcase> <!-- updateServicebyID -->
  <testcase classname="com.test.api.TestServices" name="deleteServicebyID" time="0.0">
    <skipped/>
  </testcase> <!-- deleteServicebyID -->
  <testcase classname="com.test.api.TestServices" name="getByDeletedServiceID" time="0.0">
    <skipped/>
  </testcase> <!-- getByDeletedServiceID -->
  <testcase classname="com.test.api.TestUtilities" name="getAPIVersion" time="0.0">
    <skipped/>
  </testcase> <!-- getAPIVersion -->
  <testcase classname="com.test.api.TestUtilities" name="getSystemHealthCheckInfo" time="0.0">
    <skipped/>
  </testcase> <!-- getSystemHealthCheckInfo -->
</testsuite> <!-- Test_APIEndpoints  -->
