<?xml version="1.0" encoding="UTF-8"?>
<testsuite xmlns:xsi="http://www.w3.org/2001/XMLSchema-instance" xsi:schemaLocation="https://maven.apache.org/surefire/maven-surefire-plugin/xsd/surefire-test-report.xsd" name="TestSuite" time="0.831" tests="39" errors="0" skipped="38" failures="1">
  <properties>
[...]
</properties>
  <testcase name="init" classname="com.test.api.TestCategories" time="0.569">
    <failure message="Could not initialize class org.codehaus.groovy.reflection.ReflectionCache" type="java.lang.NoClassDefFoundError">java.lang.NoClassDefFoundError: Could not initialize class org.codehaus.groovy.reflection.ReflectionCache
	at com.test.api.TestCategories.init(TestCategories.java:22)
</failure>
    <system-err><![CDATA[java.lang.NoClassDefFoundError: Could not initialize class org.codehaus.groovy.vmplugin.v7.Java7
	at org.codehaus.groovy.vmplugin.VMPluginFactory.<clinit>(VMPluginFactory.java:43)
	at org.codehaus.groovy.reflection.GroovyClassValueFactory.<clinit>(GroovyClassValueFactory.java:35)
	at org.codehaus.groovy.reflection.ClassInfo.<clinit>(ClassInfo.java:107)
	at org.codehaus.groovy.reflection.ReflectionCache.getCachedClass(ReflectionCache.java:95)
	at org.codehaus.groovy.reflection.ReflectionCache.<clinit>(ReflectionCache.java:39)
	at org.codehaus.groovy.runtime.metaclass.MetaClassRegistryImpl.registerMethods(MetaClassRegistryImpl.java:209)
	at org.codehaus.groovy.runtime.metaclass.MetaClassRegistryImpl.<init>(MetaClassRegistryImpl.java:107)
	at org.codehaus.groovy.runtime.metaclass.MetaClassRegistryImpl.<init>(MetaClassRegistryImpl.java:85)
	at groovy.lang.GroovySystem.<clinit>(GroovySystem.java:36)
	at org.codehaus.groovy.runtime.InvokerHelper.<clinit>(InvokerHelper.java:86)
	at org.codehaus.groovy.runtime.ScriptBytecodeAdapter.createMap(ScriptBytecodeAdapter.java:635)
	at io.restassured.internal.ResponseParserRegistrar.<init>(ResponseParserRegistrar.groovy)
	at io.restassured.RestAssured.<clinit>(RestAssured.java:346)
	at com.test.api.TestCategories.init(TestCategories.java:22)
	at java.base/jdk.internal.reflect.NativeMethodAccessorImpl.invoke0(Native Method)
	at java.base/jdk.internal.reflect.NativeMethodAccessorImpl.invoke(NativeMethodAccessorImpl.java:77)
	at java.base/jdk.internal.reflect.DelegatingMethodAccessorImpl.invoke(DelegatingMethodAccessorImpl.java:43)
	at java.base/java.lang.reflect.Method.invoke(Method.java:568)
	at org.testng.internal.MethodInvocationHelper.invokeMethod(MethodInvocationHelper.java:133)
	at org.testng.internal.MethodInvocationHelper.invokeMethodConsideringTimeout(MethodInvocationHelper.java:62)
	at org.testng.internal.ConfigInvoker.invokeConfigurationMethod(ConfigInvoker.java:340)
	at org.testng.internal.ConfigInvoker.invokeConfigurations(ConfigInvoker.java:294)
	at org.testng.TestRunner.invokeTestConfigurations(TestRunner.java:623)
	at org.testng.TestRunner.beforeRun(TestRunner.java:613)
	at org.testng.TestRunner.run(TestRunner.java:584)
	at org.testng.SuiteRunner.runTest(SuiteRunner.java:402)
	at org.testng.SuiteRunner.runSequentially(SuiteRunner.java:396)
	at org.testng.SuiteRunner.privateRun(SuiteRunner.java:355)
	at org.testng.SuiteRunner.run(SuiteRunner.java:304)
	at org.testng.SuiteRunnerWorker.runSuite(SuiteRunnerWorker.java:53)
	at org.testng.SuiteRunnerWorker.run(SuiteRunnerWorker.java:96)
	at org.testng.TestNG.runSuitesSequentially(TestNG.java:1180)
	at org.testng.TestNG.runSuitesLocally(TestNG.java:1102)
	at org.testng.TestNG.runSuites(TestNG.java:1032)
	at org.testng.TestNG.run(TestNG.java:1000)
	at org.apache.maven.surefire.testng.TestNGExecutor.run(TestNGExecutor.java:281)
	at org.apache.maven.surefire.testng.TestNGXmlTestSuite.execute(TestNGXmlTestSuite.java:75)
	at org.apache.maven.surefire.testng.TestNGProvider.invoke(TestNGProvider.java:121)
	at org.apache.maven.surefire.booter.ForkedBooter.invokeProviderInSameClassLoader(ForkedBooter.java:290)
	at org.apache.maven.surefire.booter.ForkedBooter.runSuitesInProcess(ForkedBooter.java:242)
	at org.apache.maven.surefire.booter.ForkedBooter.main(ForkedBooter.java:121)
]]></system-err>
  </testcase>
  <testcase name="init" classname="com.test.api.TestProducts" time="0">
    <skipped/>
  </testcase>
  <testcase name="init" classname="com.test.api.TestServices" time="0">
    <skipped/>
  </testcase>
  <testcase name="init" classname="com.test.api.TestStores" time="0">
    <skipped/>
  </testcase>
  <testcase name="init" classname="com.test.api.TestUtilities" time="0">
    <skipped/>
  </testcase>
  <testcase name="addProduct" classname="com.test.api.TestProducts" time="0">
    <skipped message="Could not initialize class org.codehaus.groovy.reflection.ReflectionCache"/>
  </testcase>
  <testcase name="getProductsWithLimit" classname="com.test.api.TestProducts" time="0">
    <skipped message="Could not initialize class org.codehaus.groovy.reflection.ReflectionCache"/>
  </testcase>
  <testcase name="getProductsWithSkip" classname="com.test.api.TestProducts" time="0">
    <skipped message="Could not initialize class org.codehaus.groovy.reflection.ReflectionCache"/>
  </testcase>
  <testcase name="invalidPostProdBody" classname="com.test.api.TestProducts" time="0">
    <skipped message="Could not initialize class org.codehaus.groovy.reflection.ReflectionCache"/>
  </testcase>
  <testcase name="invalidProductID" classname="com.test.api.TestProducts" time="0">
    <skipped message="Could not initialize class org.codehaus.groovy.reflection.ReflectionCache"/>
  </testcase>
  <testcase name="getAllProducts" classname="com.test.api.TestProducts" time="0">
    <skipped message="Could not initialize class org.codehaus.groovy.reflection.ReflectionCache"/>
  </testcase>
  <testcase name="getByProductID" classname="com.test.api.TestProducts" time="0">
    <skipped message="Method TestProducts.getByProductID()[pri:0, instance:com.test.api.TestProducts@3d285d7e] depends on not successfully finished methods"/>
  </testcase>
  <testcase name="updateProductbyID" classname="com.test.api.TestProducts" time="0">
    <skipped message="Method TestProducts.updateProductbyID()[pri:0, instance:com.test.api.TestProducts@3d285d7e] depends on not successfully finished methods"/>
  </testcase>
  <testcase name="deleteProductbyID" classname="com.test.api.TestProducts" time="0">
    <skipped message="Method TestProducts.deleteProductbyID()[pri:0, instance:com.test.api.TestProducts@3d285d7e] depends on not successfully finished methods"/>
  </testcase>
  <testcase name="getByDeletedProductID" classname="com.test.api.TestProducts" time="0">
    <skipped message="Method TestProducts.getByDeletedProductID()[pri:0, instance:com.test.api.TestProducts@3d285d7e] depends on not successfully finished methods"/>
  </testcase>
  <testcase name="addCategory" classname="com.test.api.TestCategories" time="0">
    <skipped message="Could not initialize class org.codehaus.groovy.reflection.ReflectionCache"/>
  </testcase>
  <testcase name="getAllCategories" classname="com.test.api.TestCategories" time="0">
    <skipped message="Could not initialize class org.codehaus.groovy.reflection.ReflectionCache"/>
  </testcase>
  <testcase name="invalidCategoryID" classname="com.test.api.TestCategories" time="0">
    <skipped message="Could not initialize class org.codehaus.groovy.reflection.ReflectionCache"/>
  </testcase>
  <testcase name="invalidCategoryIDDelete" classname="com.test.api.TestCategories" time="0">
    <skipped message="Could not initialize class org.codehaus.groovy.reflection.ReflectionCache"/>
  </testcase>
  <testcase name="missingCategoryNamePost" classname="com.test.api.TestCategories" time="0">
    <skipped message="Could not initialize class org.codehaus.groovy.reflection.ReflectionCache"/>
  </testcase>
  <testcase name="getByCategoryID" classname="com.test.api.TestCategories" time="0">
    <skipped message="Method TestCategories.getByCategoryID()[pri:0, instance:com.test.api.TestCategories@40005471] depends on not successfully finished methods"/>
  </testcase>
  <testcase name="updateCategoryID" classname="com.test.api.TestCategories" time="0">
    <skipped message="Method TestCategories.updateCategoryID()[pri:0, instance:com.test.api.TestCategories@40005471] depends on not successfully finished methods"/>
  </testcase>
  <testcase name="deleteCategorybyID" classname="com.test.api.TestCategories" time="0">
    <skipped message="Method TestCategories.deleteCategorybyID()[pri:0, instance:com.test.api.TestCategories@40005471] depends on not successfully finished methods"/>
  </testcase>
  <testcase name="getByDeletedCategoryID" classname="com.test.api.TestCategories" time="0">
    <skipped message="Method TestCategories.getByDeletedCategoryID()[pri:0, instance:com.test.api.TestCategories@40005471] depends on not successfully finished methods"/>
  </testcase>
  <testcase name="addStoreData" classname="com.test.api.TestStores" time="0">
    <skipped message="Could not initialize class org.codehaus.groovy.reflection.ReflectionCache"/>
  </testcase>
  <testcase name="getAllStores" classname="com.test.api.TestStores" time="0">
    <skipped message="Could not initialize class org.codehaus.groovy.reflection.ReflectionCache"/>
  </testcase>
  <testcase name="invalidStoreID" classname="com.test.api.TestStores" time="0">
    <skipped message="Could not initialize class org.codehaus.groovy.reflection.ReflectionCache"/>
  </testcase>
  <testcase name="getByStoreID" classname="com.test.api.TestStores" time="0">
    <skipped message="Method TestStores.getByStoreID()[pri:0, instance:com.test.api.TestStores@2cd76f31] depends on not successfully finished methods"/>
  </testcase>
  <testcase name="updateStorebyID" classname="com.test.api.TestStores" time="0">
    <skipped message="Method TestStores.updateStorebyID()[pri:0, instance:com.test.api.TestStores@2cd76f31] depends on not successfully finished methods"/>
  </testcase>
  <testcase name="deleteStoreData" classname="com.test.api.TestStores" time="0">
    <skipped message="Method TestStores.deleteStoreData()[pri:0, instance:com.test.api.TestStores@2cd76f31] depends on not successfully finished methods"/>
  </testcase>
  <testcase name="getByDeletedStoreID" classname="com.test.api.TestStores" time="0">
    <skipped message="Method TestStores.getByDeletedStoreID()[pri:0, instance:com.test.api.TestStores@2cd76f31] depends on not successfully finished methods"/>
  </testcase>
  <testcase name="addServiceData" classname="com.test.api.TestServices" time="0">
    <skipped message="Could not initialize class org.codehaus.groovy.reflection.ReflectionCache"/>
  </testcase>
  <testcase name="getAllServiceData" classname="com.test.api.TestServices" time="0">
    <skipped message="Could not initialize class org.codehaus.groovy.reflection.ReflectionCache"/>
  </testcase>
  <testcase name="getByServiceID" classname="com.test.api.TestServices" time="0">
    <skipped message="Method TestServices.getByServiceID()[pri:0, instance:com.test.api.TestServices@367ffa75] depends on not successfully finished methods"/>
  </testcase>
  <testcase name="updateServicebyID" classname="com.test.api.TestServices" time="0">
    <skipped message="Method TestServices.updateServicebyID()[pri:0, instance:com.test.api.TestServices@367ffa75] depends on not successfully finished methods"/>
  </testcase>
  <testcase name="deleteServicebyID" classname="com.test.api.TestServices" time="0">
    <skipped message="Method TestServices.deleteServicebyID()[pri:0, instance:com.test.api.TestServices@367ffa75] depends on not successfully finished methods"/>
  </testcase>
  <testcase name="getByDeletedServiceID" classname="com.test.api.TestServices" time="0">
    <skipped message="Method TestServices.getByDeletedServiceID()[pri:0, instance:com.test.api.TestServices@367ffa75] depends on not successfully finished methods"/>
  </testcase>
  <testcase name="getAPIVersion" classname="com.test.api.TestUtilities" time="0">
    <skipped message="Could not initialize class org.codehaus.groovy.reflection.ReflectionCache"/>
  </testcase>
  <testcase name="getSystemHealthCheckInfo" classname="com.test.api.TestUtilities" time="0">
    <skipped message="Could not initialize class org.codehaus.groovy.reflection.ReflectionCache"/>
  </testcase>
</testsuite>